--> Wrapper Started as Daemon
Launching a JVM...
Wrapper (Version 3.2.3) http://wrapper.tanukisoftware.org
  Copyright 1999-2006 Tanuki Software, Inc.  All Rights Reserved.

2017.10.20 22:15:59 INFO  app[o.s.a.AppFileSystem] Cleaning or creating temp directory /home/artur/git/estudos_alura/engenheiro-devops/ci/sonarqube-5.6.7/temp
2017.10.20 22:15:59 INFO  app[o.s.p.m.JavaProcessLauncher] Launch process[es]: /usr/lib/jvm/java-8-oracle/jre/bin/java -Djava.awt.headless=true -Xmx1G -Xms256m -Xss256k -Djava.net.preferIPv4Stack=true -XX:+UseParNewGC -XX:+UseConcMarkSweepGC -XX:CMSInitiatingOccupancyFraction=75 -XX:+UseCMSInitiatingOccupancyOnly -XX:+HeapDumpOnOutOfMemoryError -Djava.io.tmpdir=/home/artur/git/estudos_alura/engenheiro-devops/ci/sonarqube-5.6.7/temp -javaagent:/usr/lib/jvm/java-8-oracle/jre/lib/management-agent.jar -cp ./lib/common/*:./lib/search/* org.sonar.search.SearchServer /home/artur/git/estudos_alura/engenheiro-devops/ci/sonarqube-5.6.7/temp/sq-process7807965919590506016properties
2017.10.20 22:15:59 INFO   es[o.s.p.ProcessEntryPoint]  Starting es
2017.10.20 22:15:59 INFO   es[o.s.s.EsSettings]  Elasticsearch listening on 127.0.0.1:9001
2017.10.20 22:16:00 INFO   es[o.elasticsearch.node]  [sonar-1508544959279] version[1.7.5], pid[7679], build[00f95f4/2016-02-02T09:55:30Z]
2017.10.20 22:16:00 INFO   es[o.elasticsearch.node]  [sonar-1508544959279] initializing ...
2017.10.20 22:16:00 INFO   es[o.e.plugins]  [sonar-1508544959279] loaded [], sites []
2017.10.20 22:16:00 INFO   es[o.elasticsearch.env]  [sonar-1508544959279] using [1] data paths, mounts [[/ (/dev/sda1)]], net usable_space [82.1gb], net total_space [102.1gb], types [ext4]
2017.10.20 22:16:01 WARN   es[o.e.bootstrap]  JNA not found. native methods will be disabled.
2017.10.20 22:16:01 INFO   es[o.elasticsearch.node]  [sonar-1508544959279] initialized
2017.10.20 22:16:01 INFO   es[o.elasticsearch.node]  [sonar-1508544959279] starting ...
2017.10.20 22:16:01 INFO   es[o.e.transport]  [sonar-1508544959279] bound_address {inet[/127.0.0.1:9001]}, publish_address {inet[/127.0.0.1:9001]}
2017.10.20 22:16:01 INFO   es[o.e.discovery]  [sonar-1508544959279] sonarqube/O_BtO-USSiy3qIdzlyNwtQ
2017.10.20 22:16:04 INFO   es[o.e.cluster.service]  [sonar-1508544959279] new_master [sonar-1508544959279][O_BtO-USSiy3qIdzlyNwtQ][artur][inet[/127.0.0.1:9001]]{rack_id=sonar-1508544959279}, reason: zen-disco-join (elected_as_master)
2017.10.20 22:16:04 INFO   es[o.elasticsearch.node]  [sonar-1508544959279] started
2017.10.20 22:16:04 INFO   es[o.e.gateway]  [sonar-1508544959279] recovered [0] indices into cluster_state
2017.10.20 22:16:05 INFO  app[o.s.p.m.Monitor] Process[es] is up
2017.10.20 22:16:05 INFO  app[o.s.p.m.JavaProcessLauncher] Launch process[web]: /usr/lib/jvm/java-8-oracle/jre/bin/java -Djava.awt.headless=true -Dfile.encoding=UTF-8 -Djruby.management.enabled=false -Djruby.compile.invokedynamic=false -Xmx512m -Xms128m -XX:+HeapDumpOnOutOfMemoryError -Djava.net.preferIPv4Stack=true -Djava.io.tmpdir=/home/artur/git/estudos_alura/engenheiro-devops/ci/sonarqube-5.6.7/temp -javaagent:/usr/lib/jvm/java-8-oracle/jre/lib/management-agent.jar -cp ./lib/common/*:./lib/server/*:/home/artur/git/estudos_alura/engenheiro-devops/ci/sonarqube-5.6.7/lib/jdbc/h2/h2-1.3.176.jar org.sonar.server.app.WebServer /home/artur/git/estudos_alura/engenheiro-devops/ci/sonarqube-5.6.7/temp/sq-process2219964543351922468properties
2017.10.20 22:16:05 INFO  web[o.s.p.ProcessEntryPoint] Starting web
2017.10.20 22:16:05 INFO  web[o.s.s.a.TomcatContexts] Webapp directory: /home/artur/git/estudos_alura/engenheiro-devops/ci/sonarqube-5.6.7/web
2017.10.20 22:16:05 INFO  web[o.a.c.h.Http11NioProtocol] Initializing ProtocolHandler ["http-nio-0.0.0.0-9000"]
2017.10.20 22:16:05 INFO  web[o.a.t.u.n.NioSelectorPool] Using a shared selector for servlet write/read
2017.10.20 22:16:06 INFO  web[o.s.s.p.ServerImpl] SonarQube Server / 5.6.7 / ca9cfc3437a251cd081c75971790912b081acc64
2017.10.20 22:16:06 INFO  web[o.s.s.d.EmbeddedDatabase] Starting embedded database on port 9092 with url jdbc:h2:tcp://localhost:9092/sonar
2017.10.20 22:16:06 INFO  web[o.s.s.d.EmbeddedDatabase] Embedded database started. Data stored in: /home/artur/git/estudos_alura/engenheiro-devops/ci/sonarqube-5.6.7/data
2017.10.20 22:16:06 INFO  web[o.sonar.db.Database] Create JDBC data source for jdbc:h2:tcp://localhost:9092/sonar
2017.10.20 22:16:06 WARN  web[o.s.d.DatabaseChecker] H2 database should be used for evaluation purpose only
2017.10.20 22:16:07 INFO  web[o.s.s.p.DefaultServerFileSystem] SonarQube home: /home/artur/git/estudos_alura/engenheiro-devops/ci/sonarqube-5.6.7
2017.10.20 22:16:07 INFO  web[o.e.plugins] [sonar-1508544959279] loaded [], sites []
2017.10.20 22:16:08 INFO  web[o.s.s.p.ServerPluginRepository] Plugin C# [csharp] installed
2017.10.20 22:16:08 INFO  web[o.s.s.p.ServerPluginRepository] Plugin Git [scmgit] installed
2017.10.20 22:16:08 INFO  web[o.s.s.p.ServerPluginRepository] Plugin SVN [scmsvn] installed
2017.10.20 22:16:08 INFO  web[o.s.s.p.ServerPluginRepository] Plugin JavaScript [javascript] installed
2017.10.20 22:16:08 INFO  web[o.s.s.p.ServerPluginRepository] Plugin Java [java] installed
2017.10.20 22:16:08 INFO  web[o.s.s.p.ServerPluginRepository] Deploy plugin C# / 5.0 / 17ddb09047940791828dcb70c9e225f006ab11aa
2017.10.20 22:16:08 INFO  web[o.s.s.p.ServerPluginRepository] Deploy plugin Git / 1.2 / a713dd64daf8719ba4e7f551f9a1966c62690c17
2017.10.20 22:16:08 INFO  web[o.s.s.p.ServerPluginRepository] Deploy plugin Java / 3.13.1 / cf0f0c950ba3e83a87c7fe11c6ff7e63f4864bd9
2017.10.20 22:16:08 INFO  web[o.s.s.p.ServerPluginRepository] Deploy plugin JavaScript / 2.11 / a9b1afa9ceef7079811779d9efc5f8026acb1400
2017.10.20 22:16:08 INFO  web[o.s.s.p.ServerPluginRepository] Deploy plugin SVN / 1.3 / aff503d48bc77b07c2b62abf93249d0a20bd355c
2017.10.20 22:16:08 INFO  web[o.s.s.d.m.DatabaseMigrator] Create database
2017.10.20 22:16:09 INFO  web[o.s.s.p.RailsAppsDeployer] Deploying Ruby on Rails applications
2017.10.20 22:16:09 INFO  web[o.s.s.p.UpdateCenterClient] Update center: https://update.sonarsource.org/update-center.properties (no proxy)
2017.10.20 22:16:09 INFO  web[o.s.s.e.IndexCreator] Create index tests
2017.10.20 22:16:10 INFO   es[o.e.cluster.metadata]  [sonar-1508544959279] [tests] creating index, cause [api], templates [], shards [5]/[0], mappings []
2017.10.20 22:16:10 INFO  web[o.s.s.e.IndexCreator] Create type tests/test
2017.10.20 22:16:10 INFO   es[o.e.cluster.metadata]  [sonar-1508544959279] [tests] create_mapping [test]
2017.10.20 22:16:10 INFO  web[o.s.s.e.IndexCreator] Create index activities
2017.10.20 22:16:10 INFO   es[o.e.cluster.metadata]  [sonar-1508544959279] [activities] creating index, cause [api], templates [], shards [5]/[0], mappings []
2017.10.20 22:16:10 INFO  web[o.s.s.e.IndexCreator] Create type activities/activity
2017.10.20 22:16:10 INFO   es[o.e.cluster.metadata]  [sonar-1508544959279] [activities] create_mapping [activity]
2017.10.20 22:16:10 INFO  web[o.s.s.e.IndexCreator] Create index rules
2017.10.20 22:16:10 INFO   es[o.e.cluster.metadata]  [sonar-1508544959279] [rules] creating index, cause [api], templates [], shards [5]/[0], mappings []
2017.10.20 22:16:10 INFO  web[o.s.s.e.IndexCreator] Create type rules/activeRule
2017.10.20 22:16:11 INFO   es[o.e.cluster.metadata]  [sonar-1508544959279] [rules] create_mapping [activeRule]
2017.10.20 22:16:11 INFO  web[o.s.s.e.IndexCreator] Create type rules/rule
2017.10.20 22:16:11 INFO   es[o.e.cluster.metadata]  [sonar-1508544959279] [rules] create_mapping [rule]
2017.10.20 22:16:11 INFO  web[o.s.s.e.IndexCreator] Create index issues
2017.10.20 22:16:11 INFO   es[o.e.cluster.metadata]  [sonar-1508544959279] [issues] creating index, cause [api], templates [], shards [5]/[0], mappings []
2017.10.20 22:16:11 INFO  web[o.s.s.e.IndexCreator] Create type issues/authorization
2017.10.20 22:16:11 INFO   es[o.e.cluster.metadata]  [sonar-1508544959279] [issues] create_mapping [authorization]
2017.10.20 22:16:11 INFO  web[o.s.s.e.IndexCreator] Create type issues/issue
2017.10.20 22:16:11 INFO   es[o.e.cluster.metadata]  [sonar-1508544959279] [issues] create_mapping [issue]
2017.10.20 22:16:11 INFO  web[o.s.s.e.IndexCreator] Create index users
2017.10.20 22:16:11 INFO   es[o.e.cluster.metadata]  [sonar-1508544959279] [users] creating index, cause [api], templates [], shards [5]/[0], mappings []
2017.10.20 22:16:11 INFO  web[o.s.s.e.IndexCreator] Create type users/user
2017.10.20 22:16:11 INFO   es[o.e.cluster.metadata]  [sonar-1508544959279] [users] create_mapping [user]
2017.10.20 22:16:11 INFO  web[o.s.s.e.IndexCreator] Create index views
2017.10.20 22:16:11 INFO   es[o.e.cluster.metadata]  [sonar-1508544959279] [views] creating index, cause [api], templates [], shards [5]/[0], mappings []
2017.10.20 22:16:11 INFO  web[o.s.s.e.IndexCreator] Create type views/view
2017.10.20 22:16:11 INFO   es[o.e.cluster.metadata]  [sonar-1508544959279] [views] create_mapping [view]
2017.10.20 22:16:11 INFO  web[o.s.s.n.NotificationService] Notification service started (delay 60 sec.)
2017.10.20 22:16:11 INFO  web[o.s.s.s.RegisterMetrics] Register metrics
2017.10.20 22:16:11 INFO  web[o.s.s.r.RegisterRules] Register rules
2017.10.20 22:16:16 INFO  web[o.s.s.q.RegisterQualityProfiles] Register quality profiles
2017.10.20 22:16:17 INFO  web[o.s.s.q.RegisterQualityProfiles] Register profile {lang=cs, name=Sonar way}
2017.10.20 22:16:18 INFO  web[o.s.s.q.RegisterQualityProfiles] Set default cs profile: Sonar way
2017.10.20 22:16:18 INFO  web[o.s.s.q.RegisterQualityProfiles] Register profile {lang=java, name=Sonar way}
2017.10.20 22:16:19 INFO  web[o.s.s.q.RegisterQualityProfiles] Set default java profile: Sonar way
2017.10.20 22:16:19 INFO  web[o.s.s.q.RegisterQualityProfiles] Register profile {lang=js, name=Sonar way}
2017.10.20 22:16:19 INFO  web[o.s.s.q.RegisterQualityProfiles] Register profile {lang=js, name=Sonar Security Way}
2017.10.20 22:16:19 INFO  web[o.s.s.q.RegisterQualityProfiles] Set default js profile: Sonar way
2017.10.20 22:16:20 INFO  web[o.s.s.s.RegisterNewMeasureFilters] Register measure filters
2017.10.20 22:16:20 INFO  web[o.s.s.s.RegisterNewMeasureFilters] Register measure filter: Projects
2017.10.20 22:16:20 INFO  web[o.s.s.s.RegisterNewMeasureFilters] Register measure filter: My favourites
2017.10.20 22:16:20 INFO  web[o.s.s.s.RegisterDashboards] Register dashboards
2017.10.20 22:16:20 INFO  web[o.s.s.s.RegisterDashboards] Register dashboard: Custom
2017.10.20 22:16:20 INFO  web[o.s.s.s.RegisterDashboards] Register dashboard: Home
2017.10.20 22:16:20 INFO  web[o.s.s.s.RegisterPermissionTemplates] Register permission templates
2017.10.20 22:16:20 INFO  web[o.s.s.s.RenameDeprecatedPropertyKeys] Rename deprecated property keys
2017.10.20 22:16:20 INFO  web[o.s.s.s.RenameIssueWidgets] Replacing issue related widgets with issue filter widgets
2017.10.20 22:16:20 INFO  web[o.s.s.e.IndexerStartupTask] Index activities
2017.10.20 22:16:21 INFO   es[o.e.cluster.metadata]  [sonar-1508544959279] [activities] update_mapping [activity] (dynamic)
2017.10.20 22:16:21 INFO   es[o.e.cluster.metadata]  [sonar-1508544959279] [activities] update_mapping [activity] (dynamic)
2017.10.20 22:16:21 INFO  web[o.s.s.e.IndexerStartupTask] Index issues
2017.10.20 22:16:21 INFO  web[o.s.s.e.IndexerStartupTask] Index tests
2017.10.20 22:16:21 INFO  web[o.s.s.e.IndexerStartupTask] Index users
2017.10.20 22:16:21 INFO  web[o.s.s.e.IndexerStartupTask] Index views
2017.10.20 22:16:21 INFO  web[jruby.rack] jruby 1.7.9 (ruby-1.8.7p370) 2013-12-06 87b108a on Java HotSpot(TM) 64-Bit Server VM 1.8.0_144-b01 [linux-amd64]
2017.10.20 22:16:21 INFO  web[jruby.rack] using a shared (threadsafe!) runtime
2017.10.20 22:16:30 INFO  web[jruby.rack] keeping custom (config.logger) Rails logger instance
2017.10.20 22:16:30 INFO  web[o.s.s.p.MasterServletFilter] Initializing servlet filter org.sonar.server.authentication.InitFilter@7245ff1b [pattern=/sessions/init/*]
2017.10.20 22:16:30 INFO  web[o.s.s.p.MasterServletFilter] Initializing servlet filter org.sonar.server.authentication.OAuth2CallbackFilter@4fb9672e [pattern=/oauth2/callback/*]
2017.10.20 22:16:30 INFO  web[o.a.c.h.Http11NioProtocol] Starting ProtocolHandler ["http-nio-0.0.0.0-9000"]
2017.10.20 22:16:30 INFO  web[o.s.s.a.TomcatAccessLog] Web server is started
2017.10.20 22:16:30 INFO  web[o.s.s.a.EmbeddedTomcat] HTTP connector enabled on port 9000
2017.10.20 22:16:31 INFO  app[o.s.p.m.Monitor] Process[web] is up
2017.10.20 22:16:31 INFO  app[o.s.p.m.JavaProcessLauncher] Launch process[ce]: /usr/lib/jvm/java-8-oracle/jre/bin/java -Djava.awt.headless=true -Dfile.encoding=UTF-8 -Xmx512m -Xms128m -XX:+HeapDumpOnOutOfMemoryError -Djava.net.preferIPv4Stack=true -Djava.io.tmpdir=/home/artur/git/estudos_alura/engenheiro-devops/ci/sonarqube-5.6.7/temp -javaagent:/usr/lib/jvm/java-8-oracle/jre/lib/management-agent.jar -cp ./lib/common/*:./lib/server/*:./lib/ce/*:/home/artur/git/estudos_alura/engenheiro-devops/ci/sonarqube-5.6.7/lib/jdbc/h2/h2-1.3.176.jar org.sonar.ce.app.CeServer /home/artur/git/estudos_alura/engenheiro-devops/ci/sonarqube-5.6.7/temp/sq-process84925441230088815properties
2017.10.20 22:16:32 INFO  ce[o.s.p.ProcessEntryPoint] Starting ce
2017.10.20 22:16:32 INFO  ce[o.s.ce.app.CeServer] Compute Engine starting up...
2017.10.20 22:16:33 INFO  ce[o.s.s.p.ServerImpl] SonarQube Server / 5.6.7 / ca9cfc3437a251cd081c75971790912b081acc64
2017.10.20 22:16:33 INFO  ce[o.sonar.db.Database] Create JDBC data source for jdbc:h2:tcp://localhost:9092/sonar
2017.10.20 22:16:33 WARN  ce[o.s.d.DatabaseChecker] H2 database should be used for evaluation purpose only
2017.10.20 22:16:34 INFO  ce[o.s.s.p.DefaultServerFileSystem] SonarQube home: /home/artur/git/estudos_alura/engenheiro-devops/ci/sonarqube-5.6.7
2017.10.20 22:16:34 INFO  ce[o.e.plugins] [sonar-1508544959279] loaded [], sites []
2017.10.20 22:16:35 INFO  ce[o.s.c.c.CePluginRepository] Load plugins
2017.10.20 22:16:35 INFO  ce[o.s.s.c.q.PurgeCeActivities] Delete the Compute Engine tasks created before Sun Apr 23 22:16:35 BRT 2017
2017.10.20 22:16:35 INFO  ce[o.s.ce.app.CeServer] Compute Engine is up
2017.10.20 22:16:36 INFO  app[o.s.p.m.Monitor] Process[ce] is up
2017.10.20 22:33:18 INFO  ce[o.s.s.c.t.CeWorkerCallableImpl] Execute task | project=br.com.caelum.argentum:argentum-web | type=REPORT | id=AV88WSmOAHb7ocu2aLWV
2017.10.20 22:33:21 INFO  ce[o.s.s.c.t.CeWorkerCallableImpl] Executed task | project=br.com.caelum.argentum:argentum-web | type=REPORT | id=AV88WSmOAHb7ocu2aLWV | time=2960ms
2017.10.20 22:39:46 INFO  ce[o.s.s.c.t.CeWorkerCallableImpl] Execute task | project=br.com.caelum.argentum:argentum-web | type=REPORT | id=AV88XxbnAHb7ocu2aLWW
2017.10.20 22:39:48 INFO  ce[o.s.s.c.t.CeWorkerCallableImpl] Executed task | project=br.com.caelum.argentum:argentum-web | type=REPORT | id=AV88XxbnAHb7ocu2aLWW | time=2276ms
2017.10.20 22:54:47 INFO  ce[o.s.s.c.t.CeWorkerCallableImpl] Execute task | project=br.com.caelum.argentum:argentum-web | type=REPORT | id=AV88bNSQAHb7ocu2aLWX
2017.10.20 22:54:48 INFO  ce[o.s.s.c.t.CeWorkerCallableImpl] Executed task | project=br.com.caelum.argentum:argentum-web | type=REPORT | id=AV88bNSQAHb7ocu2aLWX | time=1459ms
2017.10.20 22:56:42 INFO  ce[o.s.s.c.t.CeWorkerCallableImpl] Execute task | project=br.com.caelum.argentum:argentum-web | type=REPORT | id=AV88bpdbAHb7ocu2aLWY
2017.10.20 22:56:44 INFO  ce[o.s.s.c.t.CeWorkerCallableImpl] Executed task | project=br.com.caelum.argentum:argentum-web | type=REPORT | id=AV88bpdbAHb7ocu2aLWY | time=1461ms
2017.10.20 22:57:26 INFO  ce[o.s.s.c.t.CeWorkerCallableImpl] Execute task | project=br.com.caelum.argentum:argentum-web | type=REPORT | id=AV88bz3eAHb7ocu2aLWZ
2017.10.20 22:57:27 INFO  ce[o.s.s.c.t.CeWorkerCallableImpl] Executed task | project=br.com.caelum.argentum:argentum-web | type=REPORT | id=AV88bz3eAHb7ocu2aLWZ | time=1211ms
2017.10.20 22:59:51 INFO  ce[o.s.s.c.t.CeWorkerCallableImpl] Execute task | project=br.com.caelum.argentum:argentum-web | type=REPORT | id=AV88cXegAHb7ocu2aLWa
2017.10.20 22:59:52 INFO  ce[o.s.s.c.t.CeWorkerCallableImpl] Executed task | project=br.com.caelum.argentum:argentum-web | type=REPORT | id=AV88cXegAHb7ocu2aLWa | time=908ms
